<?xml version="1.0" encoding="UTF-8"?>
<!-- Generated by org.testng.reporters.JUnitReportReporter -->
<testsuite skipped="0" hostname="unkown" name="com.vienna.qa.testcases.page1Test2" tests="3" failures="0" timestamp="18 Nov 2019 05:23:11 GMT" time="56.661" errors="0">
  <testcase name="titleCheck" time="10.634" classname="com.vienna.qa.testcases.page1Test2"/>
  <testcase name="Free30Days" time="33.328" classname="com.vienna.qa.testcases.page1Test2"/>
  <testcase name="logoCheck" time="12.699" classname="com.vienna.qa.testcases.page1Test2"/>
</testsuite> <!-- com.vienna.qa.testcases.page1Test2 -->
