<?xml version="1.0" encoding="UTF-8"?>
<!-- Generated by org.testng.reporters.JUnitReportReporter -->
<testsuite skipped="0" hostname="unkown" name="com.vienna.qa.testcases.page1Test" tests="3" failures="0" timestamp="29 Nov 2019 09:40:38 GMT" time="143.211" errors="0">
  <testcase name="titleCheck" time="26.313" classname="com.vienna.qa.testcases.page1Test"/>
  <testcase name="Free30Days" time="87.116" classname="com.vienna.qa.testcases.page1Test"/>
  <testcase name="logoCheck" time="29.782" classname="com.vienna.qa.testcases.page1Test"/>
</testsuite> <!-- com.vienna.qa.testcases.page1Test -->
