<?xml version="1.0" encoding="UTF-8"?>
<!-- Generated by org.testng.reporters.JUnitReportReporter -->
<testsuite skipped="0" hostname="unkown" name="com.vienna.qa.testcases.registration_Test" tests="1" failures="0" timestamp="29 Nov 2019 09:40:38 GMT" time="224.880" errors="0">
  <testcase name="registring_values" time="224.880" classname="com.vienna.qa.testcases.registration_Test"/>
</testsuite> <!-- com.vienna.qa.testcases.registration_Test -->
